<?xml version="1.0" encoding="UTF-8"?>
<testng-results ignored="0" total="2" passed="2" failed="0" skipped="0">
  <reporter-output>
  </reporter-output>
  <suite started-at="2024-09-24T22:26:29 IST" name="Suite" finished-at="2024-09-24T22:27:48 IST" duration-ms="78294">
    <groups>
      <group name="Master">
        <method signature="TC001_AccountRegistrationTest.verify_Account_registration()[pri:0, instance:testcase.TC001_AccountRegistrationTest@63f259c3]" name="verify_Account_registration" class="testcase.TC001_AccountRegistrationTest"/>
        <method signature="TC_002_loginTest.verify_login()[pri:0, instance:testcase.TC_002_loginTest@132e0cc]" name="verify_login" class="testcase.TC_002_loginTest"/>
      </group> <!-- Master -->
      <group name="Sanity">
        <method signature="TC_002_loginTest.verify_login()[pri:0, instance:testcase.TC_002_loginTest@132e0cc]" name="verify_login" class="testcase.TC_002_loginTest"/>
      </group> <!-- Sanity -->
      <group name="Regression">
        <method signature="TC001_AccountRegistrationTest.verify_Account_registration()[pri:0, instance:testcase.TC001_AccountRegistrationTest@63f259c3]" name="verify_Account_registration" class="testcase.TC001_AccountRegistrationTest"/>
      </group> <!-- Regression -->
    </groups>
    <test started-at="2024-09-24T22:26:29 IST" name="Test" finished-at="2024-09-24T22:27:48 IST" duration-ms="78294">
      <class name="testcase.TC001_AccountRegistrationTest">
        <test-method is-config="true" signature="setup(java.lang.String,java.lang.String)[pri:0, instance:testcase.TC001_AccountRegistrationTest@63f259c3]" started-at="2024-09-24T22:27:16 IST" name="setup" finished-at="2024-09-24T22:27:40 IST" duration-ms="23216" status="PASS">
          <params>
            <param index="0">
              <value>
                <![CDATA[Windows]]>
              </value>
            </param>
            <param index="1">
              <value>
                <![CDATA[chrome]]>
              </value>
            </param>
          </params>
          <reporter-output>
          </reporter-output>
        </test-method> <!-- setup -->
        <test-method signature="verify_Account_registration()[pri:0, instance:testcase.TC001_AccountRegistrationTest@63f259c3]" started-at="2024-09-24T22:27:40 IST" name="verify_Account_registration" finished-at="2024-09-24T22:27:47 IST" duration-ms="7424" status="PASS">
          <reporter-output>
          </reporter-output>
        </test-method> <!-- verify_Account_registration -->
        <test-method is-config="true" signature="teardown()[pri:0, instance:testcase.TC001_AccountRegistrationTest@63f259c3]" started-at="2024-09-24T22:27:47 IST" name="teardown" finished-at="2024-09-24T22:27:48 IST" duration-ms="700" status="PASS">
          <reporter-output>
          </reporter-output>
        </test-method> <!-- teardown -->
      </class> <!-- testcase.TC001_AccountRegistrationTest -->
      <class name="testcase.TC_002_loginTest">
        <test-method is-config="true" signature="setup(java.lang.String,java.lang.String)[pri:0, instance:testcase.TC_002_loginTest@132e0cc]" started-at="2024-09-24T22:26:30 IST" name="setup" finished-at="2024-09-24T22:27:09 IST" duration-ms="39169" status="PASS">
          <params>
            <param index="0">
              <value>
                <![CDATA[Windows]]>
              </value>
            </param>
            <param index="1">
              <value>
                <![CDATA[chrome]]>
              </value>
            </param>
          </params>
          <reporter-output>
          </reporter-output>
        </test-method> <!-- setup -->
        <test-method signature="verify_login()[pri:0, instance:testcase.TC_002_loginTest@132e0cc]" started-at="2024-09-24T22:27:09 IST" name="verify_login" finished-at="2024-09-24T22:27:16 IST" duration-ms="6762" status="PASS">
          <reporter-output>
          </reporter-output>
        </test-method> <!-- verify_login -->
        <test-method is-config="true" signature="teardown()[pri:0, instance:testcase.TC_002_loginTest@132e0cc]" started-at="2024-09-24T22:27:16 IST" name="teardown" finished-at="2024-09-24T22:27:16 IST" duration-ms="865" status="PASS">
          <reporter-output>
          </reporter-output>
        </test-method> <!-- teardown -->
      </class> <!-- testcase.TC_002_loginTest -->
    </test> <!-- Test -->
  </suite> <!-- Suite -->
</testng-results>
